<?xml version="1.0" encoding="UTF-8"?>
<testsuite xmlns:xsi="http://www.w3.org/2001/XMLSchema-instance" xsi:noNamespaceSchemaLocation="https://maven.apache.org/surefire/maven-surefire-plugin/xsd/surefire-test-report.xsd" name="com.accenture.training.controller.ClientsControllerTest" time="0.202" tests="5" errors="5" skipped="0" failures="0">
  <properties>
[...]
</properties>
  <testcase name="aa_saveClient" classname="com.accenture.training.controller.ClientsControllerTest" time="0.005">
    <error type="java.lang.NullPointerException">java.lang.NullPointerException
	at com.accenture.training.controller.ClientsControllerTest.setUpBefore(ClientsControllerTest.java:53)
</error>
    <system-out><![CDATA[17:14:16.199 [main] DEBUG org.springframework.test.context.junit4.SpringJUnit4ClassRunner - SpringJUnit4ClassRunner constructor called with [class com.accenture.training.controller.ProductsControllerTest]
17:14:16.225 [main] DEBUG org.springframework.test.context.BootstrapUtils - Instantiating CacheAwareContextLoaderDelegate from class [org.springframework.test.context.cache.DefaultCacheAwareContextLoaderDelegate]
17:14:16.248 [main] DEBUG org.springframework.test.context.BootstrapUtils - Instantiating BootstrapContext using constructor [public org.springframework.test.context.support.DefaultBootstrapContext(java.lang.Class,org.springframework.test.context.CacheAwareContextLoaderDelegate)]
17:14:16.454 [main] DEBUG org.springframework.test.context.BootstrapUtils - Instantiating TestContextBootstrapper for test class [com.accenture.training.controller.ProductsControllerTest] from class [org.springframework.boot.test.context.SpringBootTestContextBootstrapper]
17:14:16.528 [main] DEBUG org.springframework.test.context.support.AbstractContextLoader - Did not detect default resource location for test class [com.accenture.training.controller.ProductsControllerTest]: class path resource [com/accenture/training/controller/ProductsControllerTest-context.xml] does not exist
17:14:16.531 [main] DEBUG org.springframework.test.context.support.AbstractContextLoader - Did not detect default resource location for test class [com.accenture.training.controller.ProductsControllerTest]: class path resource [com/accenture/training/controller/ProductsControllerTestContext.groovy] does not exist
17:14:16.532 [main] INFO org.springframework.test.context.support.AbstractContextLoader - Could not detect default resource locations for test class [com.accenture.training.controller.ProductsControllerTest]: no resource found for suffixes {-context.xml, Context.groovy}.
17:14:16.732 [main] DEBUG org.springframework.test.context.support.ActiveProfilesUtils - Could not find an 'annotation declaring class' for annotation type [org.springframework.test.context.ActiveProfiles] and class [com.accenture.training.controller.ProductsControllerTest]
17:14:17.507 [main] DEBUG org.springframework.boot.test.context.SpringBootTestContextBootstrapper - @TestExecutionListeners is not present for class [com.accenture.training.controller.ProductsControllerTest]: using defaults.
17:14:17.508 [main] INFO org.springframework.boot.test.context.SpringBootTestContextBootstrapper - Loaded default TestExecutionListener class names from location [META-INF/spring.factories]: [org.springframework.boot.test.mock.mockito.MockitoTestExecutionListener, org.springframework.boot.test.mock.mockito.ResetMocksTestExecutionListener, org.springframework.boot.test.autoconfigure.restdocs.RestDocsTestExecutionListener, org.springframework.boot.test.autoconfigure.web.client.MockRestServiceServerResetTestExecutionListener, org.springframework.boot.test.autoconfigure.web.servlet.MockMvcPrintOnlyOnFailureTestExecutionListener, org.springframework.boot.test.autoconfigure.web.servlet.WebDriverTestExecutionListener, org.springframework.boot.test.autoconfigure.webservices.client.MockWebServiceServerTestExecutionListener, org.springframework.test.context.web.ServletTestExecutionListener, org.springframework.test.context.support.DirtiesContextBeforeModesTestExecutionListener, org.springframework.test.context.support.DependencyInjectionTestExecutionListener, org.springframework.test.context.support.DirtiesContextTestExecutionListener, org.springframework.test.context.transaction.TransactionalTestExecutionListener, org.springframework.test.context.jdbc.SqlScriptsTestExecutionListener, org.springframework.test.context.event.EventPublishingTestExecutionListener]
17:14:17.605 [main] INFO org.springframework.boot.test.context.SpringBootTestContextBootstrapper - Using TestExecutionListeners: [org.springframework.test.context.web.ServletTestExecutionListener@57d7f8ca, org.springframework.test.context.support.DirtiesContextBeforeModesTestExecutionListener@76c3e77a, org.springframework.boot.test.mock.mockito.MockitoTestExecutionListener@78123e82, org.springframework.boot.test.autoconfigure.SpringBootDependencyInjectionTestExecutionListener@67c33749, org.springframework.test.context.support.DirtiesContextTestExecutionListener@fba92d3, org.springframework.test.context.transaction.TransactionalTestExecutionListener@662b4c69, org.springframework.test.context.jdbc.SqlScriptsTestExecutionListener@fa49800, org.springframework.test.context.event.EventPublishingTestExecutionListener@71238fc2, org.springframework.boot.test.mock.mockito.ResetMocksTestExecutionListener@2a54a73f, org.springframework.boot.test.autoconfigure.restdocs.RestDocsTestExecutionListener@16a0ee18, org.springframework.boot.test.autoconfigure.web.client.MockRestServiceServerResetTestExecutionListener@3d6f0054, org.springframework.boot.test.autoconfigure.web.servlet.MockMvcPrintOnlyOnFailureTestExecutionListener@505fc5a4, org.springframework.boot.test.autoconfigure.web.servlet.WebDriverTestExecutionListener@5fbdfdcf, org.springframework.boot.test.autoconfigure.webservices.client.MockWebServiceServerTestExecutionListener@4efc180e]
17:14:17.610 [main] DEBUG org.springframework.test.annotation.ProfileValueUtils - Retrieved @ProfileValueSourceConfiguration [null] for test class [com.accenture.training.controller.ProductsControllerTest]
17:14:17.612 [main] DEBUG org.springframework.test.annotation.ProfileValueUtils - Retrieved ProfileValueSource type [class org.springframework.test.annotation.SystemProfileValueSource] for class [com.accenture.training.controller.ProductsControllerTest]
17:14:17.614 [main] DEBUG org.springframework.test.annotation.ProfileValueUtils - Retrieved @ProfileValueSourceConfiguration [null] for test class [com.accenture.training.controller.ProductsControllerTest]
17:14:17.614 [main] DEBUG org.springframework.test.annotation.ProfileValueUtils - Retrieved ProfileValueSource type [class org.springframework.test.annotation.SystemProfileValueSource] for class [com.accenture.training.controller.ProductsControllerTest]
17:14:17.614 [main] DEBUG org.springframework.test.annotation.ProfileValueUtils - Retrieved @ProfileValueSourceConfiguration [null] for test class [com.accenture.training.controller.ProductsControllerTest]
17:14:17.614 [main] DEBUG org.springframework.test.annotation.ProfileValueUtils - Retrieved ProfileValueSource type [class org.springframework.test.annotation.SystemProfileValueSource] for class [com.accenture.training.controller.ProductsControllerTest]
17:14:17.634 [main] DEBUG org.springframework.test.context.junit4.SpringJUnit4ClassRunner - SpringJUnit4ClassRunner constructor called with [class com.accenture.training.controller.ProductsControllerTest]
17:14:17.635 [main] DEBUG org.springframework.test.context.BootstrapUtils - Instantiating CacheAwareContextLoaderDelegate from class [org.springframework.test.context.cache.DefaultCacheAwareContextLoaderDelegate]
17:14:17.636 [main] DEBUG org.springframework.test.context.BootstrapUtils - Instantiating BootstrapContext using constructor [public org.springframework.test.context.support.DefaultBootstrapContext(java.lang.Class,org.springframework.test.context.CacheAwareContextLoaderDelegate)]
17:14:17.638 [main] DEBUG org.springframework.test.context.BootstrapUtils - Instantiating TestContextBootstrapper for test class [com.accenture.training.controller.ProductsControllerTest] from class [org.springframework.boot.test.context.SpringBootTestContextBootstrapper]
17:14:17.641 [main] DEBUG org.springframework.test.context.support.AbstractContextLoader - Did not detect default resource location for test class [com.accenture.training.controller.ProductsControllerTest]: class path resource [com/accenture/training/controller/ProductsControllerTest-context.xml] does not exist
17:14:17.642 [main] DEBUG org.springframework.test.context.support.AbstractContextLoader - Did not detect default resource location for test class [com.accenture.training.controller.ProductsControllerTest]: class path resource [com/accenture/training/controller/ProductsControllerTestContext.groovy] does not exist
17:14:17.642 [main] INFO org.springframework.test.context.support.AbstractContextLoader - Could not detect default resource locations for test class [com.accenture.training.controller.ProductsControllerTest]: no resource found for suffixes {-context.xml, Context.groovy}.
17:14:17.650 [main] DEBUG org.springframework.test.context.support.ActiveProfilesUtils - Could not find an 'annotation declaring class' for annotation type [org.springframework.test.context.ActiveProfiles] and class [com.accenture.training.controller.ProductsControllerTest]
17:14:17.660 [main] DEBUG org.springframework.boot.test.context.SpringBootTestContextBootstrapper - @TestExecutionListeners is not present for class [com.accenture.training.controller.ProductsControllerTest]: using defaults.
17:14:17.661 [main] INFO org.springframework.boot.test.context.SpringBootTestContextBootstrapper - Loaded default TestExecutionListener class names from location [META-INF/spring.factories]: [org.springframework.boot.test.mock.mockito.MockitoTestExecutionListener, org.springframework.boot.test.mock.mockito.ResetMocksTestExecutionListener, org.springframework.boot.test.autoconfigure.restdocs.RestDocsTestExecutionListener, org.springframework.boot.test.autoconfigure.web.client.MockRestServiceServerResetTestExecutionListener, org.springframework.boot.test.autoconfigure.web.servlet.MockMvcPrintOnlyOnFailureTestExecutionListener, org.springframework.boot.test.autoconfigure.web.servlet.WebDriverTestExecutionListener, org.springframework.boot.test.autoconfigure.webservices.client.MockWebServiceServerTestExecutionListener, org.springframework.test.context.web.ServletTestExecutionListener, org.springframework.test.context.support.DirtiesContextBeforeModesTestExecutionListener, org.springframework.test.context.support.DependencyInjectionTestExecutionListener, org.springframework.test.context.support.DirtiesContextTestExecutionListener, org.springframework.test.context.transaction.TransactionalTestExecutionListener, org.springframework.test.context.jdbc.SqlScriptsTestExecutionListener, org.springframework.test.context.event.EventPublishingTestExecutionListener]
17:14:17.665 [main] INFO org.springframework.boot.test.context.SpringBootTestContextBootstrapper - Using TestExecutionListeners: [org.springframework.test.context.web.ServletTestExecutionListener@3b6ddd1d, org.springframework.test.context.support.DirtiesContextBeforeModesTestExecutionListener@3f6b0be5, org.springframework.boot.test.mock.mockito.MockitoTestExecutionListener@611889f4, org.springframework.boot.test.autoconfigure.SpringBootDependencyInjectionTestExecutionListener@1da2cb77, org.springframework.test.context.support.DirtiesContextTestExecutionListener@48f278eb, org.springframework.test.context.transaction.TransactionalTestExecutionListener@2f217633, org.springframework.test.context.jdbc.SqlScriptsTestExecutionListener@a530d0a, org.springframework.test.context.event.EventPublishingTestExecutionListener@1a18644, org.springframework.boot.test.mock.mockito.ResetMocksTestExecutionListener@5acf93bb, org.springframework.boot.test.autoconfigure.restdocs.RestDocsTestExecutionListener@7e7be63f, org.springframework.boot.test.autoconfigure.web.client.MockRestServiceServerResetTestExecutionListener@6cd28fa7, org.springframework.boot.test.autoconfigure.web.servlet.MockMvcPrintOnlyOnFailureTestExecutionListener@614ca7df, org.springframework.boot.test.autoconfigure.web.servlet.WebDriverTestExecutionListener@4738a206, org.springframework.boot.test.autoconfigure.webservices.client.MockWebServiceServerTestExecutionListener@66d3eec0]
17:14:17.665 [main] DEBUG org.springframework.test.annotation.ProfileValueUtils - Retrieved @ProfileValueSourceConfiguration [null] for test class [com.accenture.training.controller.ProductsControllerTest]
17:14:17.666 [main] DEBUG org.springframework.test.annotation.ProfileValueUtils - Retrieved ProfileValueSource type [class org.springframework.test.annotation.SystemProfileValueSource] for class [com.accenture.training.controller.ProductsControllerTest]
17:14:17.668 [main] DEBUG org.springframework.test.annotation.ProfileValueUtils - Retrieved @ProfileValueSourceConfiguration [null] for test class [com.accenture.training.controller.ProductsControllerTest]
17:14:17.669 [main] DEBUG org.springframework.test.annotation.ProfileValueUtils - Retrieved ProfileValueSource type [class org.springframework.test.annotation.SystemProfileValueSource] for class [com.accenture.training.controller.ProductsControllerTest]
17:14:17.669 [main] DEBUG org.springframework.test.annotation.ProfileValueUtils - Retrieved @ProfileValueSourceConfiguration [null] for test class [com.accenture.training.controller.ProductsControllerTest]
17:14:17.670 [main] DEBUG org.springframework.test.annotation.ProfileValueUtils - Retrieved ProfileValueSource type [class org.springframework.test.annotation.SystemProfileValueSource] for class [com.accenture.training.controller.ProductsControllerTest]
]]></system-out>
  </testcase>
  <testcase name="ab_changeClient" classname="com.accenture.training.controller.ClientsControllerTest" time="0">
    <error type="java.lang.NullPointerException">java.lang.NullPointerException
	at com.accenture.training.controller.ClientsControllerTest.setUpBefore(ClientsControllerTest.java:53)
</error>
  </testcase>
  <testcase name="az_deleteClient" classname="com.accenture.training.controller.ClientsControllerTest" time="0">
    <error type="java.lang.NullPointerException">java.lang.NullPointerException
	at com.accenture.training.controller.ClientsControllerTest.setUpBefore(ClientsControllerTest.java:53)
</error>
  </testcase>
  <testcase name="ad_getOneClient" classname="com.accenture.training.controller.ClientsControllerTest" time="0">
    <error type="java.lang.NullPointerException">java.lang.NullPointerException
	at com.accenture.training.controller.ClientsControllerTest.setUpBefore(ClientsControllerTest.java:53)
</error>
  </testcase>
  <testcase name="ac_getAllClients" classname="com.accenture.training.controller.ClientsControllerTest" time="0">
    <error type="java.lang.NullPointerException">java.lang.NullPointerException
	at com.accenture.training.controller.ClientsControllerTest.setUpBefore(ClientsControllerTest.java:53)
</error>
  </testcase>
</testsuite>